INFO:     Started server process [34466]
INFO:     Waiting for application startup.
INFO:     Application startup complete.
INFO:     Uvicorn running on http://0.0.0.0:8000 (Press CTRL+C to quit)
Generating PDF for Esteban Puerto
Offset value for signature: 182
Using template for spanish language.
PDF content generated successfully.
INFO:     172.31.37.24:58886 - "POST /generate HTTP/1.1" 200 OK
Generating PDF for Esteban Puerto
Offset value for signature: 182
Using English template.
PDF content generated successfully.
INFO:     172.31.37.24:38786 - "POST /generate HTTP/1.1" 200 OK
Generating PDF for Esteban Puerto
Offset value for signature: 190
Using template for russian language.
PDF content generated successfully.
INFO:     172.31.37.24:53236 - "POST /generate HTTP/1.1" 200 OK
INFO:     Shutting down
INFO:     Waiting for application shutdown.
INFO:     Application shutdown complete.
INFO:     Finished server process [34466]
